#
# There is insufficient memory for the Java Runtime Environment to continue.
# Native memory allocation (mmap) failed to map 134217728 bytes for G1 virtual space
# Possible reasons:
#   The system is out of physical RAM or swap space
#   The process is running with CompressedOops enabled, and the Java Heap may be blocking the growth of the native heap
# Possible solutions:
#   Reduce memory load on the system
#   Increase physical memory or swap space
#   Check if swap backing store is full
#   Decrease Java heap size (-Xmx/-Xms)
#   Decrease number of Java threads
#   Decrease Java thread stack sizes (-Xss)
#   Set larger code cache with -XX:ReservedCodeCacheSize=
#   JVM is running with Unscaled Compressed Oops mode in which the Java heap is
#     placed in the first 4GB address space. The Java Heap base address is the
#     maximum limit for the native heap growth. Please use -XX:HeapBaseMinAddress
#     to set the Java Heap base and to place the Java Heap above 4GB virtual address.
# This output file may be truncated or incomplete.
#
#  Out of Memory Error (os_windows.cpp:3548), pid=19876, tid=23316
#
# JRE version:  (17.0.5+8) (build )
# Java VM: OpenJDK 64-Bit Server VM (17.0.5+8, mixed mode, sharing, tiered, compressed oops, compressed class ptrs, g1 gc, windows-amd64)
# No core dump will be written. Minidumps are not enabled by default on client versions of Windows
#

---------------  S U M M A R Y ------------

Command Line: -Dnet.bytebuddy.agent.attacher.dump= net.bytebuddy.agent.Attacher com.sun.tools.attach.VirtualMachine 15472 C:\Users\mohan\.m2\repository\net\bytebuddy\byte-buddy-agent\1.14.5\byte-buddy-agent-1.14.5.jar false 

Host: Intel(R) Core(TM) i5-8265U CPU @ 1.60GHz, 8 cores, 7G,  Windows 11 , 64 bit Build 22621 (10.0.22621.2070)
Time: Sat Aug 26 13:19:00 2023 India Standard Time elapsed time: 0.023211 seconds (0d 0h 0m 0s)

---------------  T H R E A D  ---------------

Current thread (0x000001ac88c4a180):  JavaThread "Unknown thread" [_thread_in_vm, id=23316, stack(0x00000030d5e00000,0x00000030d5f00000)]

Stack: [0x00000030d5e00000,0x00000030d5f00000]
Native frames: (J=compiled Java code, j=interpreted, Vv=VM code, C=native code)
V  [jvm.dll+0x676b3a]
V  [jvm.dll+0x831444]
V  [jvm.dll+0x832bee]
V  [jvm.dll+0x833253]
V  [jvm.dll+0x244ce5]
V  [jvm.dll+0x673a49]
V  [jvm.dll+0x66811a]
V  [jvm.dll+0x303ceb]
V  [jvm.dll+0x30b1e6]
V  [jvm.dll+0x35adbe]
V  [jvm.dll+0x35afef]
V  [jvm.dll+0x2dab88]
V  [jvm.dll+0x2dbaf4]
V  [jvm.dll+0x803121]
V  [jvm.dll+0x368bb1]
V  [jvm.dll+0x7e265c]
V  [jvm.dll+0x3eb17f]
V  [jvm.dll+0x3eccc1]
C  [jli.dll+0x5267]
C  [ucrtbase.dll+0x29363]
C  [KERNEL32.DLL+0x126ad]
C  [ntdll.dll+0x5aa68]


---------------  P R O C E S S  ---------------

Threads class SMR info:
_java_thread_list=0x00007ffe9b592f18, length=0, elements={
}

Java Threads: ( => current thread )

Other Threads:
  0x000001ac88ca7570 GCTaskThread "GC Thread#0" [stack: 0x00000030d5f00000,0x00000030d6000000] [id=12536]
  0x000001ac88cb8290 ConcurrentGCThread "G1 Main Marker" [stack: 0x00000030d6000000,0x00000030d6100000] [id=18744]
  0x000001ac88cb9440 ConcurrentGCThread "G1 Conc#0" [stack: 0x00000030d6100000,0x00000030d6200000] [id=18212]

[error occurred during error reporting (printing all threads), id 0xc0000005, EXCEPTION_ACCESS_VIOLATION (0xc0000005) at pc=0x00007ffe9ad6b617]

VM state: not at safepoint (not fully initialized)

VM Mutex/Monitor currently owned by a thread:  ([mutex/lock_event])
[0x000001ac88c457f0] Heap_lock - owner thread: 0x000001ac88c4a180

Heap address: 0x0000000081c00000, size: 2020 MB, Compressed Oops mode: 32-bit

CDS archive(s) mapped at: [0x0000000000000000-0x0000000000000000-0x0000000000000000), size 0, SharedBaseAddress: 0x0000000800000000, ArchiveRelocationMode: 0.
Narrow klass base: 0x0000000000000000, Narrow klass shift: 0, Narrow klass range: 0x0

GC Precious Log:
<Empty>

Heap:
 garbage-first heap   total 0K, used 0K [0x0000000081c00000, 0x0000000100000000)
  region size 1024K, 0 young (0K), 0 survivors (0K)

[error occurred during error reporting (printing heap information), id 0xc0000005, EXCEPTION_ACCESS_VIOLATION (0xc0000005) at pc=0x00007ffe9b14fcb9]

GC Heap History (0 events):
No events

Dll operation events (1 events):
Event: 0.016 Loaded shared library C:\Users\mohan\.p2\pool\plugins\org.eclipse.justj.openjdk.hotspot.jre.full.win32.x86_64_17.0.5.v20221102-0933\jre\bin\java.dll

Deoptimization events (0 events):
No events

Classes unloaded (0 events):
No events

Classes redefined (0 events):
No events

Internal exceptions (0 events):
No events

VM Operations (0 events):
No events

Events (0 events):
No events


Dynamic libraries:
0x00007ff6df0f0000 - 0x00007ff6df0fe000 	C:\Users\mohan\.p2\pool\plugins\org.eclipse.justj.openjdk.hotspot.jre.full.win32.x86_64_17.0.5.v20221102-0933\jre\bin\java.exe
0x00007fff03c10000 - 0x00007fff03e24000 	C:\WINDOWS\SYSTEM32\ntdll.dll
0x00007fff02860000 - 0x00007fff02924000 	C:\WINDOWS\System32\KERNEL32.DLL
0x00007fff01550000 - 0x00007fff018f4000 	C:\WINDOWS\System32\KERNELBASE.dll
0x00007fff01340000 - 0x00007fff01451000 	C:\WINDOWS\System32\ucrtbase.dll
0x00007ffee7fe0000 - 0x00007ffee7ff7000 	C:\Users\mohan\.p2\pool\plugins\org.eclipse.justj.openjdk.hotspot.jre.full.win32.x86_64_17.0.5.v20221102-0933\jre\bin\jli.dll
0x00007ffedd6d0000 - 0x00007ffedd6e9000 	C:\Users\mohan\.p2\pool\plugins\org.eclipse.justj.openjdk.hotspot.jre.full.win32.x86_64_17.0.5.v20221102-0933\jre\bin\VCRUNTIME140.dll
0x00007fff03a20000 - 0x00007fff03bca000 	C:\WINDOWS\System32\USER32.dll
0x00007fff01900000 - 0x00007fff01926000 	C:\WINDOWS\System32\win32u.dll
0x00007fff031c0000 - 0x00007fff031e9000 	C:\WINDOWS\System32\GDI32.dll
0x00007fff01220000 - 0x00007fff01339000 	C:\WINDOWS\System32\gdi32full.dll
0x00007ffee59a0000 - 0x00007ffee5c2f000 	C:\WINDOWS\WinSxS\amd64_microsoft.windows.common-controls_6595b64144ccf1df_6.0.22621.2070_none_2713e6537381f706\COMCTL32.dll
0x00007fff01930000 - 0x00007fff019ca000 	C:\WINDOWS\System32\msvcp_win.dll
0x00007fff027b0000 - 0x00007fff02857000 	C:\WINDOWS\System32\msvcrt.dll
0x00007fff023b0000 - 0x00007fff023e1000 	C:\WINDOWS\System32\IMM32.DLL
0x00007ffee4920000 - 0x00007ffee492c000 	C:\Users\mohan\.p2\pool\plugins\org.eclipse.justj.openjdk.hotspot.jre.full.win32.x86_64_17.0.5.v20221102-0933\jre\bin\vcruntime140_1.dll
0x00007ffed6ab0000 - 0x00007ffed6b41000 	C:\Users\mohan\.p2\pool\plugins\org.eclipse.justj.openjdk.hotspot.jre.full.win32.x86_64_17.0.5.v20221102-0933\jre\bin\msvcp140.dll
0x00007ffe9aa80000 - 0x00007ffe9b6c4000 	C:\Users\mohan\.p2\pool\plugins\org.eclipse.justj.openjdk.hotspot.jre.full.win32.x86_64_17.0.5.v20221102-0933\jre\bin\server\jvm.dll
0x00007fff029e0000 - 0x00007fff02a90000 	C:\WINDOWS\System32\ADVAPI32.dll
0x00007fff02930000 - 0x00007fff029d6000 	C:\WINDOWS\System32\sechost.dll
0x00007fff03270000 - 0x00007fff03387000 	C:\WINDOWS\System32\RPCRT4.dll
0x00007ffefa4c0000 - 0x00007ffefa4c9000 	C:\WINDOWS\SYSTEM32\WSOCK32.dll
0x00007ffef9300000 - 0x00007ffef9334000 	C:\WINDOWS\SYSTEM32\WINMM.dll
0x00007ffef2020000 - 0x00007ffef202a000 	C:\WINDOWS\SYSTEM32\VERSION.dll
0x00007fff031f0000 - 0x00007fff03261000 	C:\WINDOWS\System32\WS2_32.dll
0x00007fff000d0000 - 0x00007fff000e8000 	C:\WINDOWS\SYSTEM32\kernel.appcore.dll
0x00007ffefa4b0000 - 0x00007ffefa4ba000 	C:\Users\mohan\.p2\pool\plugins\org.eclipse.justj.openjdk.hotspot.jre.full.win32.x86_64_17.0.5.v20221102-0933\jre\bin\jimage.dll
0x00007ffefeae0000 - 0x00007ffefed0e000 	C:\WINDOWS\SYSTEM32\DBGHELP.DLL
0x00007fff03420000 - 0x00007fff037aa000 	C:\WINDOWS\System32\combase.dll
0x00007fff02f10000 - 0x00007fff02fe7000 	C:\WINDOWS\System32\OLEAUT32.dll
0x00007ffee2580000 - 0x00007ffee25b2000 	C:\WINDOWS\SYSTEM32\dbgcore.DLL
0x00007fff01460000 - 0x00007fff014da000 	C:\WINDOWS\System32\bcryptPrimitives.dll
0x00007ffee2890000 - 0x00007ffee28b5000 	C:\Users\mohan\.p2\pool\plugins\org.eclipse.justj.openjdk.hotspot.jre.full.win32.x86_64_17.0.5.v20221102-0933\jre\bin\java.dll

dbghelp: loaded successfully - version: 4.0.5 - missing functions: none
symbol engine: initialized successfully - sym options: 0x614 - pdb path: .;C:\Users\mohan\.p2\pool\plugins\org.eclipse.justj.openjdk.hotspot.jre.full.win32.x86_64_17.0.5.v20221102-0933\jre\bin;C:\WINDOWS\SYSTEM32;C:\WINDOWS\WinSxS\amd64_microsoft.windows.common-controls_6595b64144ccf1df_6.0.22621.2070_none_2713e6537381f706;C:\Users\mohan\.p2\pool\plugins\org.eclipse.justj.openjdk.hotspot.jre.full.win32.x86_64_17.0.5.v20221102-0933\jre\bin\server

VM Arguments:
jvm_args: -Dnet.bytebuddy.agent.attacher.dump= 
java_command: net.bytebuddy.agent.Attacher com.sun.tools.attach.VirtualMachine 15472 C:\Users\mohan\.m2\repository\net\bytebuddy\byte-buddy-agent\1.14.5\byte-buddy-agent-1.14.5.jar false 
java_class_path (initial): C:\Users\mohan\.m2\repository\net\bytebuddy\byte-buddy-agent\1.14.5\byte-buddy-agent-1.14.5.jar
Launcher Type: SUN_STANDARD

[Global flags]
     intx CICompilerCount                          = 4                                         {product} {ergonomic}
     uint ConcGCThreads                            = 2                                         {product} {ergonomic}
     uint G1ConcRefinementThreads                  = 8                                         {product} {ergonomic}
   size_t G1HeapRegionSize                         = 1048576                                   {product} {ergonomic}
    uintx GCDrainStackTargetSize                   = 64                                        {product} {ergonomic}
   size_t InitialHeapSize                          = 134217728                                 {product} {ergonomic}
   size_t MarkStackSize                            = 4194304                                   {product} {ergonomic}
   size_t MaxHeapSize                              = 2118123520                                {product} {ergonomic}
   size_t MinHeapDeltaBytes                        = 1048576                                   {product} {ergonomic}
   size_t MinHeapSize                              = 8388608                                   {product} {ergonomic}
    uintx NonNMethodCodeHeapSize                   = 5839372                                {pd product} {ergonomic}
    uintx NonProfiledCodeHeapSize                  = 122909434                              {pd product} {ergonomic}
    uintx ProfiledCodeHeapSize                     = 122909434                              {pd product} {ergonomic}
    uintx ReservedCodeCacheSize                    = 251658240                              {pd product} {ergonomic}
     bool SegmentedCodeCache                       = true                                      {product} {ergonomic}
   size_t SoftMaxHeapSize                          = 2118123520                             {manageable} {ergonomic}
     bool UseCompressedClassPointers               = true                           {product lp64_product} {ergonomic}
     bool UseCompressedOops                        = true                           {product lp64_product} {ergonomic}
     bool UseG1GC                                  = true                                      {product} {ergonomic}
     bool UseLargePagesIndividualAllocation        = false                                  {pd product} {ergonomic}

Logging:
Log output configuration:
 #0: stdout all=warning uptime,level,tags
 #1: stderr all=off uptime,level,tags

Environment Variables:
PATH=C:/Users/mohan/.p2/pool/plugins/org.eclipse.justj.openjdk.hotspot.jre.full.win32.x86_64_17.0.5.v20221102-0933/jre/bin/server;C:/Users/mohan/.p2/pool/plugins/org.eclipse.justj.openjdk.hotspot.jre.full.win32.x86_64_17.0.5.v20221102-0933/jre/bin;C:\Program Files (x86)\Common Files\Oracle\Java\javapath;C:\windows\system32;C:\windows;C:\windows\System32\Wbem;C:\windows\System32\WindowsPowerShell\v1.0\;C:\windows\System32\OpenSSH\;C:\Program Files (x86)\NVIDIA Corporation\PhysX\Common;C:\Program Files\NVIDIA Corporation\NVIDIA NvDLISR;C:\WINDOWS\system32;C:\WINDOWS;C:\WINDOWS\System32\Wbem;C:\WINDOWS\System32\WindowsPowerShell\v1.0\;C:\WINDOWS\System32\OpenSSH\;C:\Program Files\nodejs\;C:\Program Files\MongoDB\Server\6.0\bin;C:\Program Files\MongoDB\Server\6.0\mongosh-1.8.0-win32-x64\mongosh-1.8.0-win32-x64\bin;C:\Program Files\Git\cmd;C:\Program Files\MySQL\MySQL Shell 8.0\bin\;C:\python\Scripts\;C:\python\;C:\Users\mohan\AppData\Local\Microsoft\WindowsApps;C:\Users\mohan\AppData\Roaming\Dashlane\6.2004.0.32112\bin\Firefox_Extension\{442718d9-475e-452a-b3e1-fb1ee16b8e9f}\components;C:\Users\mohan\AppData\Roaming\Dashlane\6.2004.0.32112\ucrt;C:\Users\mohan\AppData\Roaming\Dashlane\6.2004.0.32112\bin\Qt;C:\Users\mohan\AppData\Roaming\Dashlane\6.2004.0.32112\bin\Ssl;C:\Users\mohan\AppData\Local\Programs\Microsoft VS Code\bin;C:\Users\mohan\AppData\Roaming\npm;C:\Users\mohan\Desktop;
USERNAME=mohan
OS=Windows_NT
PROCESSOR_IDENTIFIER=Intel64 Family 6 Model 142 Stepping 12, GenuineIntel
TMP=C:\Users\mohan\AppData\Local\Temp
TEMP=C:\Users\mohan\AppData\Local\Temp



---------------  S Y S T E M  ---------------

OS:
 Windows 11 , 64 bit Build 22621 (10.0.22621.2070)
OS uptime: 6 days 0:30 hours

CPU: total 8 (initial active 8) (4 cores per cpu, 2 threads per core) family 6 model 142 stepping 12 microcode 0xde, cx8, cmov, fxsr, ht, mmx, 3dnowpref, sse, sse2, sse3, ssse3, sse4.1, sse4.2, popcnt, lzcnt, tsc, tscinvbit, avx, avx2, aes, erms, clmul, bmi1, bmi2, adx, fma, vzeroupper, clflush, clflushopt

Memory: 4k page, system-wide physical 8078M (180M free)
TotalPageFile size 11578M (AvailPageFile size 49M)
current process WorkingSet (physical memory assigned to process): 11M, peak: 11M
current process commit charge ("private bytes"): 60M, peak: 188M

vm_info: OpenJDK 64-Bit Server VM (17.0.5+8) for windows-amd64 JRE (17.0.5+8), built on Oct 19 2022 04:48:13 by "temurin" with MS VC++ 16.7 (VS2019)

END.
